#
# There is insufficient memory for the Java Runtime Environment to continue.
# Native memory allocation (mmap) failed to map 65011712 bytes for Failed to commit area from 0x00000000c2400000 to 0x00000000c6200000 of length 65011712.
# Possible reasons:
#   The system is out of physical RAM or swap space
#   The process is running with CompressedOops enabled, and the Java Heap may be blocking the growth of the native heap
# Possible solutions:
#   Reduce memory load on the system
#   Increase physical memory or swap space
#   Check if swap backing store is full
#   Decrease Java heap size (-Xmx/-Xms)
#   Decrease number of Java threads
#   Decrease Java thread stack sizes (-Xss)
#   Set larger code cache with -XX:ReservedCodeCacheSize=
# This output file may be truncated or incomplete.
#
#  Out of Memory Error (./src/hotspot/os/windows/os_windows.cpp:3521), pid=8772, tid=2568
#
# JRE version:  (11.0.12+7) (build )
# Java VM: OpenJDK 64-Bit Server VM (11.0.12+7-b1504.40, mixed mode, sharing, tiered, compressed oops, g1 gc, windows-amd64)
# No core dump will be written. Minidumps are not enabled by default on client versions of Windows
#

---------------  S U M M A R Y ------------

Command Line: git4idea.http.GitAskPassApp Username for 'https://github.com': 

Host: Intel(R) Core(TM) i5-2410M CPU @ 2.30GHz, 4 cores, 3G,  Windows 10 , 64 bit Build 19041 (10.0.19041.1202)
Time: Mon Nov  8 20:46:37 2021 RTZ 2 (зима) elapsed time: 0.018438 seconds (0d 0h 0m 0s)

---------------  T H R E A D  ---------------

Current thread (0x00000199d5798000):  JavaThread "Unknown thread" [_thread_in_vm, id=2568, stack(0x0000001db1a00000,0x0000001db1b00000)]

Stack: [0x0000001db1a00000,0x0000001db1b00000]
Native frames: (J=compiled Java code, j=interpreted, Vv=VM code, C=native code)
V  [jvm.dll+0x5ff40a]
V  [jvm.dll+0x783b65]
V  [jvm.dll+0x78517d]
V  [jvm.dll+0x785833]
V  [jvm.dll+0x249408]
V  [jvm.dll+0x5fc7f4]
V  [jvm.dll+0x5f13c5]
V  [jvm.dll+0x3076bb]
V  [jvm.dll+0x30762a]
V  [jvm.dll+0x307502]
V  [jvm.dll+0x30c466]
V  [jvm.dll+0x355543]
V  [jvm.dll+0x355c46]
V  [jvm.dll+0x355643]
V  [jvm.dll+0x2e2018]
V  [jvm.dll+0x2e31c7]
V  [jvm.dll+0x761f57]
V  [jvm.dll+0x76374c]
V  [jvm.dll+0x362ab9]
V  [jvm.dll+0x7455be]
V  [jvm.dll+0x3cb673]
V  [jvm.dll+0x3cda21]
C  [jli.dll+0x536b]
C  [ucrtbase.dll+0x21bb2]
C  [KERNEL32.DLL+0x17034]
C  [ntdll.dll+0x52651]


---------------  P R O C E S S  ---------------

Threads class SMR info:
_java_thread_list=0x00000199d3273570, length=0, elements={
}

Java Threads: ( => current thread )

Other Threads:
  0x00000199d57af800 GCTaskThread "GC Thread#0" [stack: 0x0000001db1b00000,0x0000001db1c00000] [id=8292]
  0x00000199d57cf800 ConcurrentGCThread "G1 Main Marker" [stack: 0x0000001db1c00000,0x0000001db1d00000] [id=8684]
  0x00000199d57d1800 ConcurrentGCThread "G1 Conc#0" [stack: 0x0000001db1d00000,0x0000001db1e00000] [id=6000]

[error occurred during error reporting (printing all threads), id 0xc0000005, EXCEPTION_ACCESS_VIOLATION (0xc0000005) at pc=0x00007ffe63c027a7]

VM state:not at safepoint (not fully initialized)

VM Mutex/Monitor currently owned by a thread:  ([mutex/lock_event])
[0x00000199d5795330] Heap_lock - owner thread: 0x00000199d5798000

Heap address: 0x00000000c2400000, size: 988 MB, Compressed Oops mode: Non-zero based: 0x00000000c2400000
Narrow klass base: 0x0000000000000000, Narrow klass shift: 0

GC Heap History (0 events):
No events

Deoptimization events (0 events):
No events

Classes redefined (0 events):
No events

Internal exceptions (0 events):
No events

Events (1 events):
Event: 0.013 Loaded shared library C:\Program Files\JetBrains\IntelliJ IDEA Community Edition 2021.2.3\jbr\bin\zip.dll


Dynamic libraries:
0x00007ff74a3b0000 - 0x00007ff74a3ba000 	C:\Program Files\JetBrains\IntelliJ IDEA Community Edition 2021.2.3\jbr\bin\java.exe
0x00007ffeaa090000 - 0x00007ffeaa285000 	C:\WINDOWS\SYSTEM32\ntdll.dll
0x00007ffea9ca0000 - 0x00007ffea9d5e000 	C:\WINDOWS\System32\KERNEL32.DLL
0x00007ffea79a0000 - 0x00007ffea7c69000 	C:\WINDOWS\System32\KERNELBASE.dll
0x00007ffea7c70000 - 0x00007ffea7d70000 	C:\WINDOWS\System32\ucrtbase.dll
0x00007ffe876c0000 - 0x00007ffe876d7000 	C:\Program Files\JetBrains\IntelliJ IDEA Community Edition 2021.2.3\jbr\bin\VCRUNTIME140.dll
0x00007ffe8a110000 - 0x00007ffe8a129000 	C:\Program Files\JetBrains\IntelliJ IDEA Community Edition 2021.2.3\jbr\bin\jli.dll
0x00007ffea84f0000 - 0x00007ffea8691000 	C:\WINDOWS\System32\USER32.dll
0x00007ffe8f060000 - 0x00007ffe8f2fa000 	C:\WINDOWS\WinSxS\amd64_microsoft.windows.common-controls_6595b64144ccf1df_6.0.19041.1110_none_60b5254171f9507e\COMCTL32.dll
0x00007ffea7910000 - 0x00007ffea7932000 	C:\WINDOWS\System32\win32u.dll
0x00007ffea8420000 - 0x00007ffea84be000 	C:\WINDOWS\System32\msvcrt.dll
0x00007ffea9620000 - 0x00007ffea964b000 	C:\WINDOWS\System32\GDI32.dll
0x00007ffea7e70000 - 0x00007ffea7f7b000 	C:\WINDOWS\System32\gdi32full.dll
0x00007ffea77e0000 - 0x00007ffea787d000 	C:\WINDOWS\System32\msvcp_win.dll
0x00007ffea84c0000 - 0x00007ffea84f0000 	C:\WINDOWS\System32\IMM32.DLL
0x00007ffea6bb0000 - 0x00007ffea6be0000 	C:\WINDOWS\system32\DriverStore\FileRepository\nvacwu.inf_amd64_bdd6ea477d4e2fba\nvinitx.dll
0x00007ffea9bf0000 - 0x00007ffea9c9c000 	C:\WINDOWS\System32\ADVAPI32.dll
0x00007ffea81d0000 - 0x00007ffea826b000 	C:\WINDOWS\System32\sechost.dll
0x00007ffea6b70000 - 0x00007ffea6b7a000 	C:\WINDOWS\SYSTEM32\VERSION.dll
0x00007ffea9ea0000 - 0x00007ffea9fca000 	C:\WINDOWS\System32\RPCRT4.dll
0x00007ffea88c0000 - 0x00007ffea8fff000 	C:\WINDOWS\System32\Shell32.dll
0x00007ffea5870000 - 0x00007ffea6000000 	C:\WINDOWS\SYSTEM32\windows.storage.dll
0x00007ffea9890000 - 0x00007ffea9be5000 	C:\WINDOWS\System32\combase.dll
0x00007ffea7200000 - 0x00007ffea722c000 	C:\WINDOWS\SYSTEM32\Wldp.dll
0x00007ffea9570000 - 0x00007ffea961d000 	C:\WINDOWS\System32\SHCORE.dll
0x00007ffea9e40000 - 0x00007ffea9e95000 	C:\WINDOWS\System32\shlwapi.dll
0x0000000053a00000 - 0x0000000053a06000 	C:\Program Files\NVIDIA Corporation\CoProcManager\_etoured.dll
0x00007ffea0cd0000 - 0x00007ffea0d0b000 	C:\Program Files\NVIDIA Corporation\CoProcManager\nvd3d9wrapx.dll
0x00007ffea9000000 - 0x00007ffea9472000 	C:\WINDOWS\System32\SETUPAPI.dll
0x00007ffea7d70000 - 0x00007ffea7dbe000 	C:\WINDOWS\System32\cfgmgr32.dll
0x00007ffea77b0000 - 0x00007ffea77d7000 	C:\WINDOWS\System32\bcrypt.dll
0x00007ffea0ca0000 - 0x00007ffea0cc4000 	C:\Program Files\NVIDIA Corporation\CoProcManager\nvdxgiwrapx.dll
0x00007ffe853c0000 - 0x00007ffe8545d000 	C:\Program Files\JetBrains\IntelliJ IDEA Community Edition 2021.2.3\jbr\bin\msvcp140.dll
0x00007ffe63910000 - 0x00007ffe64468000 	C:\Program Files\JetBrains\IntelliJ IDEA Community Edition 2021.2.3\jbr\bin\server\jvm.dll
0x00007ffea8160000 - 0x00007ffea8168000 	C:\WINDOWS\System32\PSAPI.DLL
0x00007ffe8f6c0000 - 0x00007ffe8f6e7000 	C:\WINDOWS\SYSTEM32\WINMM.dll
0x00007ffe9c0d0000 - 0x00007ffe9c0d9000 	C:\WINDOWS\SYSTEM32\WSOCK32.dll
0x00007ffea9650000 - 0x00007ffea96bb000 	C:\WINDOWS\System32\ws2_32.DLL
0x00007ffea5670000 - 0x00007ffea5682000 	C:\WINDOWS\SYSTEM32\kernel.appcore.dll
0x00007ffea09b0000 - 0x00007ffea09c1000 	C:\Program Files\JetBrains\IntelliJ IDEA Community Edition 2021.2.3\jbr\bin\verify.dll
0x00007ffe9a390000 - 0x00007ffe9a574000 	C:\WINDOWS\SYSTEM32\DBGHELP.DLL
0x00007ffe9a290000 - 0x00007ffe9a2bc000 	C:\WINDOWS\SYSTEM32\dbgcore.DLL
0x00007ffea7880000 - 0x00007ffea7903000 	C:\WINDOWS\System32\bcryptPrimitives.dll
0x00007ffe8e890000 - 0x00007ffe8e8b9000 	C:\Program Files\JetBrains\IntelliJ IDEA Community Edition 2021.2.3\jbr\bin\java.dll
0x00007ffea3210000 - 0x00007ffea321b000 	C:\Program Files\JetBrains\IntelliJ IDEA Community Edition 2021.2.3\jbr\bin\jimage.dll
0x00007ffe9f6f0000 - 0x00007ffe9f708000 	C:\Program Files\JetBrains\IntelliJ IDEA Community Edition 2021.2.3\jbr\bin\zip.dll

dbghelp: loaded successfully - version: 4.0.5 - missing functions: none
symbol engine: initialized successfully - sym options: 0x614 - pdb path: .;C:\Program Files\JetBrains\IntelliJ IDEA Community Edition 2021.2.3\jbr\bin;C:\WINDOWS\SYSTEM32;C:\WINDOWS\WinSxS\amd64_microsoft.windows.common-controls_6595b64144ccf1df_6.0.19041.1110_none_60b5254171f9507e;C:\WINDOWS\system32\DriverStore\FileRepository\nvacwu.inf_amd64_bdd6ea477d4e2fba;C:\Program Files\NVIDIA Corporation\CoProcManager;C:\Program Files\JetBrains\IntelliJ IDEA Community Edition 2021.2.3\jbr\bin\server

VM Arguments:
java_command: git4idea.http.GitAskPassApp Username for 'https://github.com': 
java_class_path (initial): C:/Program Files/JetBrains/IntelliJ IDEA Community Edition 2021.2.3/plugins/git4idea/lib/git4idea-rt.jar;C:/Program Files/JetBrains/IntelliJ IDEA Community Edition 2021.2.3/lib/3rd-party.jar
Launcher Type: SUN_STANDARD

[Global flags]
     intx CICompilerCount                          = 3                                         {product} {ergonomic}
     uint ConcGCThreads                            = 1                                         {product} {ergonomic}
     uint G1ConcRefinementThreads                  = 4                                         {product} {ergonomic}
   size_t G1HeapRegionSize                         = 1048576                                   {product} {ergonomic}
    uintx GCDrainStackTargetSize                   = 64                                        {product} {ergonomic}
   size_t InitialHeapSize                          = 65011712                                  {product} {ergonomic}
   size_t MarkStackSize                            = 4194304                                   {product} {ergonomic}
   size_t MaxHeapSize                              = 1035993088                                {product} {ergonomic}
   size_t MinHeapDeltaBytes                        = 1048576                                   {product} {ergonomic}
    uintx NonNMethodCodeHeapSize                   = 5830732                                {pd product} {ergonomic}
    uintx NonProfiledCodeHeapSize                  = 122913754                              {pd product} {ergonomic}
    uintx ProfiledCodeHeapSize                     = 122913754                              {pd product} {ergonomic}
    uintx ReservedCodeCacheSize                    = 251658240                              {pd product} {ergonomic}
     bool SegmentedCodeCache                       = true                                      {product} {ergonomic}
     bool UseCompressedClassPointers               = true                                 {lp64_product} {ergonomic}
     bool UseCompressedOops                        = true                                 {lp64_product} {ergonomic}
     bool UseG1GC                                  = true                                      {product} {ergonomic}
     bool UseLargePagesIndividualAllocation        = false                                  {pd product} {ergonomic}

Logging:
Log output configuration:
 #0: stdout all=warning uptime,level,tags
 #1: stderr all=off uptime,level,tags

Environment Variables:
JAVA_HOME=C:\Program Files\Java\jdk-17.0.1
PATH=C:\Program Files\Git\mingw64\libexec\git-core;C:\Program Files\Git\mingw64\libexec\git-core;C:\Program Files\Git\mingw64\bin;C:\Program Files\Git\usr\bin;C:\Users\Argo\bin;C:\Program Files\Common Files\Oracle\Java\javapath;C:\Program Files (x86)\Common Files\Oracle\Java\javapath;C:\Windows\system32;C:\Windows;C:\Windows\System32\Wbem;C:\Windows\System32\WindowsPowerShell\v1.0;C:\Program Files (x86)\NVIDIA Corporation\PhysX\Common;C:\WINDOWS\system32;C:\WINDOWS;C:\WINDOWS\System32\Wbem;C:\WINDOWS\System32\WindowsPowerShell\v1.0;C:\WINDOWS\System32\OpenSSH;C:\Program Files\Git\cmd;C:\Users\Argo\AppData\Local\Microsoft\WindowsApps
USERNAME=Argo
DISPLAY=:0.0
LC_ALL=en_US.UTF-8
OS=Windows_NT
PROCESSOR_IDENTIFIER=Intel64 Family 6 Model 42 Stepping 7, GenuineIntel



---------------  S Y S T E M  ---------------

OS: Windows 10 , 64 bit Build 19041 (10.0.19041.1202)
OS uptime: 0 days 4:45 hours

CPU:total 4 (initial active 4) (2 cores per cpu, 2 threads per core) family 6 model 42 stepping 7 microcode 0x2f, cmov, cx8, fxsr, mmx, sse, sse2, sse3, ssse3, sse4.1, sse4.2, popcnt, avx, aes, clmul, ht, tsc, tscinvbit

Memory: 4k page, system-wide physical 3947M (569M free)
TotalPageFile size 4747M (AvailPageFile size 64M)
current process WorkingSet (physical memory assigned to process): 12M, peak: 12M
current process commit charge ("private bytes"): 52M, peak: 114M

vm_info: OpenJDK 64-Bit Server VM (11.0.12+7-b1504.40) for windows-amd64 JRE (11.0.12+7-b1504.40), built on Sep 23 2021 14:38:03 by "" with MS VC++ 14.0 (VS2015)

END.
